<?xml version="1.0" encoding="UTF-8"?>
<!-- Generated by org.testng.reporters.JUnitReportReporter -->
<testsuite hostname="LAPTOP-D6LMSRTE" failures="0" tests="1" name="Demo" time="0.009" errors="0" timestamp="2022-03-23T20:24:28 IST" skipped="0">
  <testcase classname="Demo" name="test1" time="0.009"/>
  <system-out/>
</testsuite> <!-- Demo -->
