<?xml version="1.0" encoding="UTF-8"?>
<!-- Generated by org.testng.reporters.JUnitReportReporter -->
<testsuite hostname="LAPTOP-D6LMSRTE" failures="0" tests="2" name="Lec134" time="0.020" errors="0" timestamp="2021-10-06T14:21:43 IST" skipped="0">
  <testcase classname="Lec134" name="Demo" time="0.018"/>
  <system-out/>
  <testcase classname="Lec134" name="test" time="0.002"/>
  <system-out/>
</testsuite> <!-- Lec134 -->
