<?xml version="1.0" encoding="UTF-8"?>
<!-- Generated by org.testng.reporters.JUnitReportReporter -->
<testsuite hostname="LAPTOP-D6LMSRTE" failures="0" tests="4" name="New.test" time="0.011" errors="0" timestamp="2022-03-23T20:27:31 IST" skipped="1">
  <testcase classname="New.test" name="MobileloginCarLoan" time="0.002"/>
  <system-out/>
  <testcase classname="New.test" name="MobilesigninCarLoan" time="0.002"/>
  <system-out/>
  <testcase classname="New.test" name="APIloginCarLoan" time="0.007"/>
  <system-out/>
  <testcase classname="New.test" name="MobileloginHomeloan">
    <skipped/>
  </testcase> <!-- MobileloginHomeloan -->
  <system-out/>
</testsuite> <!-- New.test -->
