<?xml version="1.0" encoding="UTF-8"?>
<!-- Generated by org.testng.reporters.JUnitReportReporter -->
<testsuite hostname="LAPTOP-D6LMSRTE" failures="0" tests="2" name="New.Lec134" time="0.003" errors="0" timestamp="2022-03-23T20:27:31 IST" skipped="0">
  <testcase classname="New.Lec134" name="sample2" time="0.001"/>
  <system-out/>
  <testcase classname="New.Lec134" name="sample1" time="0.002"/>
  <system-out/>
</testsuite> <!-- New.Lec134 -->
