<?xml version="1.0" encoding="UTF-8"?>
<!-- Generated by org.testng.reporters.JUnitReportReporter -->
<testsuite hostname="LAPTOP-D6LMSRTE" failures="0" tests="1" name="Test1" time="0.009" errors="0" timestamp="2021-09-24T18:50:03 IST" skipped="0">
  <testcase classname="Test1" name="streamCollect" time="0.009"/>
  <system-out/>
</testsuite> <!-- Test1 -->
